JvmtiExport can_access_local_variables 0
JvmtiExport can_hotswap_or_post_breakpoint 0
JvmtiExport can_post_on_exceptions 0
# 258 ciObject found
ciMethod java/lang/Object <init> ()V 4097 1 3391551 0 0
ciMethod java/lang/System currentTimeMillis ()J 2049 1 256 0 -1
ciMethod java/lang/Throwable <init> (Ljava/lang/Throwable;)V 713 1 89 0 -1
ciMethod java/lang/Throwable toString ()Ljava/lang/String; 0 0 22 0 -1
ciMethod java/lang/Throwable fillInStackTrace ()Ljava/lang/Throwable; 2049 1 6297 0 -1
ciMethod java/lang/Exception <init> (Ljava/lang/Throwable;)V 713 1 89 0 -1
ciMethod java/nio/Buffer <init> (IIII)V 353 1 12350 0 320
ciMethod java/nio/Buffer position ()I 1041 1 130 0 0
ciMethod java/nio/Buffer position (I)Ljava/nio/Buffer; 785 1 11375 0 128
ciMethod java/nio/Buffer limit (I)Ljava/nio/Buffer; 2065 1 10498 0 128
ciMethod java/nio/Buffer rewind ()Ljava/nio/Buffer; 3129 1 33520 0 0
ciMethod java/nio/Buffer remaining ()I 2065 1 139998 0 0
ciMethod java/lang/Boolean equals (Ljava/lang/Object;)Z 1657 1 11594 0 -1
ciMethod java/lang/Long longValue ()J 4177 1 4280 0 -1
ciMethod java/nio/ByteBuffer <init> (IIII[BI)V 177 1 11344 0 416
ciMethod java/nio/ByteBuffer slice ()Ljava/nio/ByteBuffer; 0 0 1 0 -1
ciMethod java/nio/HeapByteBuffer <init> ([BIIIII)V 2049 1 5868 0 0
ciMethod java/nio/HeapByteBuffer slice ()Ljava/nio/ByteBuffer; 3073 1 5507 0 288
ciMethod java/nio/Bits byteOrder ()Ljava/nio/ByteOrder; 2049 1 11529 0 64
ciMethod java/lang/Enum ordinal ()I 1041 1 130 0 -1
ciMethodData java/lang/Object <init> ()V 2 3391551 orig 264 24 228 239 109 0 0 0 0 104 4 117 20 0 0 0 0 32 1 0 0 0 0 0 0 0 0 0 0 0 0 0 0 0 0 0 0 0 0 0 0 0 0 0 0 0 0 0 0 0 0 0 0 0 0 0 0 0 0 0 0 0 0 0 0 0 0 0 0 0 0 0 0 0 0 0 0 0 0 0 0 77 68 79 32 101 120 116 114 97 32 100 97 116 97 32 108 111 99 107 0 0 0 0 0 0 0 0 0 0 0 0 0 0 0 0 0 0 0 0 0 0 0 0 0 0 0 0 0 0 0 0 0 0 0 0 0 0 0 0 0 0 0 0 0 0 0 0 0 0 0 0 0 0 0 0 0 0 0 0 0 0 0 0 0 0 0 0 0 0 0 0 0 0 0 0 0 0 0 0 0 0 0 0 0 1 0 0 0 0 0 0 0 1 0 0 0 0 0 0 0 1 0 0 0 0 0 0 0 0 0 0 0 0 0 0 0 0 2 0 0 249 241 157 1 1 0 0 0 0 0 0 0 0 0 0 0 2 0 0 0 0 0 3 0 1 0 0 0 0 0 0 0 255 255 255 255 0 0 0 0 0 0 0 0 data 0 oops 0
ciMethod java/util/concurrent/atomic/AtomicBoolean set (Z)V 1849 1 17170 0 -1
ciMethod java/io/IOException <init> (Ljava/lang/Throwable;)V 73 1 9 0 -1
ciMethodData java/nio/ByteBuffer <init> (IIII[BI)V 2 11344 orig 264 24 228 239 109 0 0 0 0 120 232 136 20 0 0 0 0 208 1 0 0 0 0 0 0 0 0 0 0 0 0 0 0 0 0 0 0 0 0 0 0 0 0 0 0 0 0 0 0 0 0 0 0 0 0 0 0 0 0 0 0 0 0 0 0 0 0 0 0 0 0 0 0 0 0 0 0 0 0 0 0 77 68 79 32 101 120 116 114 97 32 100 97 116 97 32 108 111 99 107 0 0 0 0 0 0 0 0 0 0 0 0 0 0 0 0 0 0 0 0 0 0 0 0 0 0 0 0 0 0 0 0 0 0 0 0 0 0 0 0 0 0 0 0 0 1 0 0 0 0 0 0 0 0 0 0 0 0 0 0 0 0 0 0 0 0 0 0 0 0 0 0 0 0 0 0 0 0 0 0 0 0 0 0 0 17 0 0 0 0 0 0 0 0 0 0 0 0 0 0 0 0 0 0 0 0 0 0 0 0 0 0 0 0 0 0 0 22 0 0 0 209 97 1 0 1 0 0 0 39 24 0 0 0 0 0 0 2 0 0 0 0 0 7 0 2 0 0 0 88 0 0 0 255 255 255 255 2 0 6 0 0 0 0 0 data 11 0x60002 0x2c35 0xf0002 0x2c38 0x150007 0x2c2d 0x38 0x0 0x190003 0x0 0x18 oops 0
ciMethodData java/nio/Buffer <init> (IIII)V 2 12350 orig 264 24 228 239 109 0 0 0 0 88 1 126 20 0 0 0 0 40 4 0 0 64 1 0 0 0 0 0 0 0 0 0 0 0 0 0 0 0 0 0 0 0 0 0 0 0 0 0 0 0 0 0 0 0 0 0 0 0 0 0 0 0 0 0 0 0 0 0 0 0 0 0 0 0 0 0 0 0 0 0 0 77 68 79 32 101 120 116 114 97 32 100 97 116 97 32 108 111 99 107 0 0 0 0 0 0 0 0 0 0 0 0 0 0 0 0 0 0 0 0 0 0 0 0 0 0 0 0 0 0 0 0 0 0 0 0 0 0 0 0 0 0 0 0 0 1 0 0 0 0 0 0 0 0 0 0 0 0 0 0 0 0 0 0 0 0 0 0 0 0 0 0 0 0 0 0 0 0 0 0 2 0 0 0 0 25 0 0 0 0 0 0 0 0 0 0 0 0 0 0 0 0 0 0 0 0 0 0 0 0 0 0 0 0 0 0 0 44 0 0 0 145 128 1 0 1 0 0 0 11 28 0 0 0 0 0 0 2 0 0 0 0 0 10 0 2 0 0 0 192 2 0 0 255 255 255 255 2 0 1 0 0 0 0 0 data 88 0x10002 0x3012 0x100007 0x3019 0xd0 0x0 0x1b0002 0x0 0x200005 0x0 0x0 0x0 0x0 0x0 0x250005 0x0 0x0 0x0 0x0 0x0 0x280005 0x0 0x0 0x0 0x0 0x0 0x2b0002 0x0 0x370005 0xbc8 0x16cafbc0 0x244d 0x16a52170 0x7 0x3d0005 0xbcb 0x16cafbc0 0x244a 0x16a52170 0x7 0x42e007 0x2eb2 0x180 0x16b 0x470007 0x16b 0x160 0x0 0x520002 0x0 0x570005 0x0 0x0 0x0 0x0 0x0 0x5b0005 0x0 0x0 0x0 0x0 0x0 0x600005 0x0 0x0 0x0 0x0 0x0 0x640005 0x0 0x0 0x0 0x0 0x0 0x690005 0x0 0x0 0x0 0x0 0x0 0x6c0005 0x0 0x0 0x0 0x0 0x0 0x6f0002 0x0